<?xml version="1.0" encoding="UTF-8"?>
<testsuite name="JUnit.JUnit_test" tests="1" skipped="0" failures="0" errors="0" timestamp="2024-12-18T23:08:56" hostname="NB-100787" time="13.274">
  <properties/>
  <testcase name="dz()" classname="JUnit.JUnit_test" time="13.274"/>
  <system-out><![CDATA[]]></system-out>
  <system-err><![CDATA[[Test worker] INFO com.codeborne.selenide.impl.WebDriverThreadLocalContainer - No webdriver is bound to current thread: 1 - let's create a new webdriver
[Test worker] INFO com.codeborne.selenide.impl.FileHelper - Creating folder: C:\Users\dpsemenov\IdeaProjects\my_repository\build\downloads\1734563336864_21244_1
дек. 19, 2024 2:09:00 AM org.openqa.selenium.manager.SeleniumManager lambda$runCommand$1
WARNING: There was an error managing chrome (Unsuccessful response (503 Service Unavailable) for URL https://storage.googleapis.com/chrome-for-testing-public/131.0.6778.204/win64/chromedriver-win64.zip); using driver found in the cache
[Test worker] INFO com.codeborne.selenide.webdriver.SelenideNettyClientFactory - Changed readTimeout from PT3M to PT1M30S
[Test worker] INFO com.codeborne.selenide.webdriver.SelenideNettyClientFactory - Changed readTimeout from PT3M to PT1M30S
дек. 19, 2024 2:09:01 AM org.openqa.selenium.devtools.CdpVersionFinder findNearestMatch
WARNING: Unable to find CDP implementation matching 131
дек. 19, 2024 2:09:01 AM org.openqa.selenium.chromium.ChromiumDriver lambda$new$5
WARNING: Unable to find version of CDP to use for 131.0.6778.204. You may need to include a dependency on a specific version of the CDP using something similar to `org.seleniumhq.selenium:selenium-devtools-v86:4.13.0` where the version ("v86") matches the version of the chromium-based browser you're using and the version number of the artifact is the same as Selenium's.
[Test worker] INFO com.codeborne.selenide.webdriver.WebDriverFactory - BrowserName=chrome Version=131.0.6778.204 Platform=windows
[Test worker] INFO com.codeborne.selenide.webdriver.WebDriverFactory - Selenide v. 6.19.1
[Test worker] INFO com.codeborne.selenide.webdriver.WebDriverFactory - Selenium WebDriver v. 4.13.0 build revision: ba948ece5b*
[Test worker] INFO com.codeborne.selenide.drivercommands.CreateDriverCommand - Created webdriver in thread 1: ChromeDriver -> ChromeDriver: chrome on windows (fed8422e25eef231f3ccfe5e1edd4513)
[Test worker] INFO com.codeborne.selenide.drivercommands.DisposablesRegistry - Register WebDriverInstance[config=StaticConfig,webDriver=ChromeDriver: chrome on windows (fed8422e25eef231f3ccfe5e1edd4513),proxy=null,downloadsFolder=C:\Users\dpsemenov\IdeaProjects\my_repository\build\downloads\1734563336864_21244_1] in 1 [size=1]
[Test worker] INFO com.codeborne.selenide.drivercommands.DisposablesRegistry - Add shutdown hook in 1 [size=1]
]]></system-err>
</testsuite>
